<?xml version="1.0" encoding="UTF-8"?>
<!-- Generated by org.testng.reporters.JUnitReportReporter -->
<testsuite skipped="0" hostname="Archanalaptop" name="tests.Runner4" tests="2" failures="0" timestamp="09 Sep 2020 10:11:12 GMT" time="23.216" errors="0">
  <testcase name="method1" time="15.741" classname="tests.Runner4"/>
  <testcase name="method2" time="7.475" classname="tests.Runner4"/>
</testsuite> <!-- tests.Runner4 -->
