<?xml version="1.0" encoding="UTF-8"?>
<!-- Generated by org.testng.reporters.JUnitReportReporter -->
<testsuite skipped="0" hostname="Archanalaptop" name="examples.WaitForPageExample1" tests="1" failures="0" timestamp="2020-10-17T23:44:15 IST" time="0.064" errors="0">
  <testcase name="clickSearch" time="0.064" classname="examples.WaitForPageExample1"/>
  <system-out/>
</testsuite> <!-- examples.WaitForPageExample1 -->
