<?xml version="1.0" encoding="UTF-8"?>
<!-- Generated by org.testng.reporters.JUnitReportReporter -->
<testsuite skipped="0" hostname="Archanalaptop" name="tests.Runner2ExcelProvider" tests="7" failures="0" timestamp="04 Sep 2020 13:53:46 GMT" time="121.539" errors="0">
  <testcase name="method3" time="16.187" classname="tests.Runner2ExcelProvider"/>
  <testcase name="method3" time="17.484" classname="tests.Runner2ExcelProvider"/>
  <testcase name="method3" time="15.664" classname="tests.Runner2ExcelProvider"/>
  <testcase name="method3" time="15.582" classname="tests.Runner2ExcelProvider"/>
  <testcase name="method3" time="22.710" classname="tests.Runner2ExcelProvider"/>
  <testcase name="method3" time="18.778" classname="tests.Runner2ExcelProvider"/>
  <testcase name="method3" time="15.134" classname="tests.Runner2ExcelProvider"/>
</testsuite> <!-- tests.Runner2ExcelProvider -->
