<?xml version="1.0" encoding="UTF-8"?>
<!-- Generated by org.testng.reporters.JUnitReportReporter -->
<testsuite skipped="0" hostname="Archanalaptop" name="tests.Runner2" tests="1" failures="0" timestamp="28 Aug 2020 08:55:02 GMT" time="21.207" errors="0">
  <testcase name="method3" time="21.207" classname="tests.Runner2"/>
</testsuite> <!-- tests.Runner2 -->
