<?xml version="1.0" encoding="UTF-8"?>
<!-- Generated by org.testng.reporters.JUnitReportReporter -->
<testsuite skipped="0" hostname="Archanalaptop" name="tests.Runner3XmlProvider" tests="1" failures="0" timestamp="2020-10-10T07:41:08 IST" time="54.818" errors="0">
  <testcase name="method3" time="54.818" classname="tests.Runner3XmlProvider"/>
  <system-out>
Test failed forUnable to locate element: *[name='toMoblie']
For documentation on this error, please visit: https://www.seleniumhq.org/exceptions/no_such_element.html
Build info: version: '3.141.59', revision: 'e82be7d358', time: '2018-11-14T08:17:03'
System info: host: 'ARCHANALAPTOP', ip: '192.168.29.135', os.name: 'Windows 10', os.arch: 'amd64', os.version: '10.0', java.version: '1.8.0_231'
Driver info: org.openqa.selenium.firefox.FirefoxDriver
Capabilities {acceptInsecureCerts: true, browserName: firefox, browserVersion: 81.0, javascriptEnabled: true, moz:accessibilityChecks: false, moz:buildID: 20200917005511, moz:geckodriverVersion: 0.27.0, moz:headless: false, moz:processID: 32556, moz:profile: C:\Users\user\AppData\Local..., moz:shutdownTimeout: 60000, moz:useNonSpecCompliantPointerOrigin: false, moz:webdriverClick: true, pageLoadStrategy: normal, platform: WINDOWS, platformName: WINDOWS, platformVersion: 10.0, rotatable: false, setWindowRect: true, strictFileInteractability: false, timeouts: {implicit: 0, pageLoad: 300000, script: 30000}, unhandledPromptBehavior: dismiss and notify}
Session ID: 252b9e80-b290-4fe2-a325-bb1398f95260
*** Element info: {Using=name, value=toMoblie} <a href="F:\seleniumprograms\org.archana.tddframework\scrnshot10-Oct-20-07-41-04.png"><img src="F:\seleniumprograms\org.archana.tddframework\scrnshot10-Oct-20-07-41-04.png" height="100" width="100"/></a>  </system-out>
</testsuite> <!-- tests.Runner3XmlProvider -->
