<?xml version="1.0" encoding="UTF-8"?>
<!-- Generated by org.testng.reporters.JUnitReportReporter -->
<testsuite skipped="0" hostname="Archanalaptop" name="examples.example2" tests="4" failures="0" timestamp="04 Sep 2020 18:43:45 GMT" time="0.017" errors="0">
  <testcase name="numbersAddition" time="0.002" classname="examples.example2"/>
  <testcase name="StringsAddition" time="0.011" classname="examples.example2"/>
  <testcase name="StringsAddition" time="0.002" classname="examples.example2"/>
  <testcase name="numbersAddition" time="0.002" classname="examples.example2"/>
</testsuite> <!-- examples.example2 -->
